<?xml version="1.0" encoding="UTF-8"?>
<testng-results ignored="0" total="2" passed="2" failed="0" skipped="0">
  <reporter-output>
  </reporter-output>
  <suite started-at="2023-11-12T18:59:51 EST" name="Suite" finished-at="2023-11-12T19:00:02 EST" duration-ms="10900">
    <groups>
    </groups>
    <test started-at="2023-11-12T18:59:51 EST" name="Test" finished-at="2023-11-12T19:00:02 EST" duration-ms="10900">
      <class name="com.testng.practice.SecondClass">
        <test-method signature="getSingIn()[pri:0, instance:com.testng.practice.SecondClass@24aed80c]" started-at="2023-11-12T18:59:52 EST" name="getSingIn" finished-at="2023-11-12T19:00:02 EST" duration-ms="10315" status="PASS">
          <reporter-output>
          </reporter-output>
        </test-method> <!-- getSingIn -->
      </class> <!-- com.testng.practice.SecondClass -->
      <class name="com.testng.practice.FirstClass">
        <test-method is-config="true" signature="setupReport()[pri:0, instance:com.testng.practice.FirstClass@7530ad9c]" started-at="2023-11-12T18:59:51 EST" name="setupReport" finished-at="2023-11-12T18:59:52 EST" duration-ms="192" status="PASS">
          <reporter-output>
          </reporter-output>
        </test-method> <!-- setupReport -->
        <test-method signature="getMouseHover()[pri:0, instance:com.testng.practice.FirstClass@7530ad9c]" started-at="2023-11-12T18:59:52 EST" name="getMouseHover" finished-at="2023-11-12T18:59:58 EST" duration-ms="6168" status="PASS">
          <reporter-output>
          </reporter-output>
        </test-method> <!-- getMouseHover -->
        <test-method is-config="true" signature="printTestReport()[pri:0, instance:com.testng.practice.FirstClass@7530ad9c]" started-at="2023-11-12T19:00:02 EST" name="printTestReport" finished-at="2023-11-12T19:00:02 EST" duration-ms="369" status="PASS">
          <reporter-output>
          </reporter-output>
        </test-method> <!-- printTestReport -->
      </class> <!-- com.testng.practice.FirstClass -->
    </test> <!-- Test -->
  </suite> <!-- Suite -->
</testng-results>
